<?xml version="1.0" encoding="UTF-8"?>
<!-- Generated by org.testng.reporters.JUnitXMLReporter -->
<testsuite hostname="DESKTOP-QNHJ5Q7" ignored="0" name="Surefire test" tests="3" failures="2" timestamp="2023-06-08T00:00:06 PDT" time="52.886" errors="0">
  <testcase name="runScenario" time="10.267" classname="io.cucumber.testng.AbstractTestNGCucumberTests">
    <failure type="org.openqa.selenium.SessionNotCreatedException" message="session not created
from no such execution context: uniqueContextId not found
  (Session info: chrome=114.0.5735.110)
Build info: version: &amp;apos;3.141.59&amp;apos;, revision: &amp;apos;e82be7d358&amp;apos;, time: &amp;apos;2018-11-14T08:17:03&amp;apos;
System info: host: &amp;apos;DESKTOP-QNHJ5Q7&amp;apos;, ip: &amp;apos;10.0.0.1&amp;apos;, os.name: &amp;apos;Windows 10&amp;apos;, os.arch: &amp;apos;amd64&amp;apos;, os.version: &amp;apos;10.0&amp;apos;, java.version: &amp;apos;1.8.0_333&amp;apos;
Driver info: driver.version: ChromeDriver
remote stacktrace: Backtrace:
	GetHandleVerifier [0x008BA813+48355]
	(No symbol) [0x0084C4B1]
	(No symbol) [0x00755358]
	(No symbol) [0x007489B0]
	(No symbol) [0x00747138]
	(No symbol) [0x007477AA]
	(No symbol) [0x00758417]
	(No symbol) [0x007599E1]
	(No symbol) [0x00759A80]
	(No symbol) [0x007A1F1B]
	(No symbol) [0x007A093C]
	(No symbol) [0x0079A536]
	(No symbol) [0x007782DC]
	(No symbol) [0x007793DD]
	GetHandleVerifier [0x00B1AABD+2539405]
	GetHandleVerifier [0x00B5A78F+2800735]
	GetHandleVerifier [0x00B5456C+2775612]
	GetHandleVerifier [0x009451E0+616112]
	(No symbol) [0x00855F8C]
	(No symbol) [0x00852328]
	(No symbol) [0x0085240B]
	(No symbol) [0x00844FF7]
	BaseThreadInitThunk [0x770100C9+25]
	RtlGetAppContainerNamedObjectPath [0x77167B4E+286]
	RtlGetAppContainerNamedObjectPath [0x77167B1E+238]
">
      <![CDATA[org.openqa.selenium.SessionNotCreatedException: session not created
from no such execution context: uniqueContextId not found
  (Session info: chrome=114.0.5735.110)
Build info: version: '3.141.59', revision: 'e82be7d358', time: '2018-11-14T08:17:03'
System info: host: 'DESKTOP-QNHJ5Q7', ip: '10.0.0.1', os.name: 'Windows 10', os.arch: 'amd64', os.version: '10.0', java.version: '1.8.0_333'
Driver info: driver.version: ChromeDriver
remote stacktrace: Backtrace:
GetHandleVerifier [0x008BA813+48355]
(No symbol) [0x0084C4B1]
(No symbol) [0x00755358]
(No symbol) [0x007489B0]
(No symbol) [0x00747138]
(No symbol) [0x007477AA]
(No symbol) [0x00758417]
(No symbol) [0x007599E1]
(No symbol) [0x00759A80]
(No symbol) [0x007A1F1B]
(No symbol) [0x007A093C]
(No symbol) [0x0079A536]
(No symbol) [0x007782DC]
(No symbol) [0x007793DD]
GetHandleVerifier [0x00B1AABD+2539405]
GetHandleVerifier [0x00B5A78F+2800735]
GetHandleVerifier [0x00B5456C+2775612]
GetHandleVerifier [0x009451E0+616112]
(No symbol) [0x00855F8C]
(No symbol) [0x00852328]
(No symbol) [0x0085240B]
(No symbol) [0x00844FF7]
BaseThreadInitThunk [0x770100C9+25]
RtlGetAppContainerNamedObjectPath [0x77167B4E+286]
RtlGetAppContainerNamedObjectPath [0x77167B1E+238]

at org.openqa.selenium.remote.W3CHandshakeResponse.lambda$errorHandler$0(W3CHandshakeResponse.java:62)
at org.openqa.selenium.remote.HandshakeResponse.lambda$getResponseFunction$0(HandshakeResponse.java:30)
at org.openqa.selenium.remote.ProtocolHandshake.lambda$createSession$0(ProtocolHandshake.java:126)
at java.util.stream.ReferencePipeline$3$1.accept(ReferencePipeline.java:193)
at java.util.Spliterators$ArraySpliterator.tryAdvance(Spliterators.java:958)
at java.util.stream.ReferencePipeline.forEachWithCancel(ReferencePipeline.java:126)
at java.util.stream.AbstractPipeline.copyIntoWithCancel(AbstractPipeline.java:499)
at java.util.stream.AbstractPipeline.copyInto(AbstractPipeline.java:486)
at java.util.stream.AbstractPipeline.wrapAndCopyInto(AbstractPipeline.java:472)
at java.util.stream.FindOps$FindOp.evaluateSequential(FindOps.java:152)
at java.util.stream.AbstractPipeline.evaluate(AbstractPipeline.java:234)
at java.util.stream.ReferencePipeline.findFirst(ReferencePipeline.java:464)
at org.openqa.selenium.remote.ProtocolHandshake.createSession(ProtocolHandshake.java:128)
at org.openqa.selenium.remote.ProtocolHandshake.createSession(ProtocolHandshake.java:74)
at org.openqa.selenium.remote.HttpCommandExecutor.execute(HttpCommandExecutor.java:136)
at org.openqa.selenium.remote.service.DriverCommandExecutor.execute(DriverCommandExecutor.java:83)
at org.openqa.selenium.remote.RemoteWebDriver.execute(RemoteWebDriver.java:552)
at org.openqa.selenium.remote.RemoteWebDriver.startSession(RemoteWebDriver.java:213)
at org.openqa.selenium.remote.RemoteWebDriver.<init>(RemoteWebDriver.java:131)
at org.openqa.selenium.chrome.ChromeDriver.<init>(ChromeDriver.java:181)
at org.openqa.selenium.chrome.ChromeDriver.<init>(ChromeDriver.java:168)
at org.openqa.selenium.chrome.ChromeDriver.<init>(ChromeDriver.java:123)
at stepDef.Stepdef.setup(Stepdef.java:73)
... Removed 4 stack frames]]>
    </failure>
  </testcase> <!-- runScenario -->
  <testcase name="runScenario" time="10.593" classname="io.cucumber.testng.AbstractTestNGCucumberTests">
    <failure type="org.openqa.selenium.SessionNotCreatedException" message="session not created
from no such execution context: loader has changed while resolving nodes
  (Session info: chrome=114.0.5735.110)
Build info: version: &amp;apos;3.141.59&amp;apos;, revision: &amp;apos;e82be7d358&amp;apos;, time: &amp;apos;2018-11-14T08:17:03&amp;apos;
System info: host: &amp;apos;DESKTOP-QNHJ5Q7&amp;apos;, ip: &amp;apos;10.0.0.1&amp;apos;, os.name: &amp;apos;Windows 10&amp;apos;, os.arch: &amp;apos;amd64&amp;apos;, os.version: &amp;apos;10.0&amp;apos;, java.version: &amp;apos;1.8.0_333&amp;apos;
Driver info: driver.version: ChromeDriver
remote stacktrace: Backtrace:
	GetHandleVerifier [0x008BA813+48355]
	(No symbol) [0x0084C4B1]
	(No symbol) [0x00755358]
	(No symbol) [0x00757D86]
	(No symbol) [0x007599E1]
	(No symbol) [0x00759A80]
	(No symbol) [0x007A1F1B]
	(No symbol) [0x007A093C]
	(No symbol) [0x0079A536]
	(No symbol) [0x007782DC]
	(No symbol) [0x007793DD]
	GetHandleVerifier [0x00B1AABD+2539405]
	GetHandleVerifier [0x00B5A78F+2800735]
	GetHandleVerifier [0x00B5456C+2775612]
	GetHandleVerifier [0x009451E0+616112]
	(No symbol) [0x00855F8C]
	(No symbol) [0x00852328]
	(No symbol) [0x0085240B]
	(No symbol) [0x00844FF7]
	BaseThreadInitThunk [0x770100C9+25]
	RtlGetAppContainerNamedObjectPath [0x77167B4E+286]
	RtlGetAppContainerNamedObjectPath [0x77167B1E+238]
">
      <![CDATA[org.openqa.selenium.SessionNotCreatedException: session not created
from no such execution context: loader has changed while resolving nodes
  (Session info: chrome=114.0.5735.110)
Build info: version: '3.141.59', revision: 'e82be7d358', time: '2018-11-14T08:17:03'
System info: host: 'DESKTOP-QNHJ5Q7', ip: '10.0.0.1', os.name: 'Windows 10', os.arch: 'amd64', os.version: '10.0', java.version: '1.8.0_333'
Driver info: driver.version: ChromeDriver
remote stacktrace: Backtrace:
GetHandleVerifier [0x008BA813+48355]
(No symbol) [0x0084C4B1]
(No symbol) [0x00755358]
(No symbol) [0x00757D86]
(No symbol) [0x007599E1]
(No symbol) [0x00759A80]
(No symbol) [0x007A1F1B]
(No symbol) [0x007A093C]
(No symbol) [0x0079A536]
(No symbol) [0x007782DC]
(No symbol) [0x007793DD]
GetHandleVerifier [0x00B1AABD+2539405]
GetHandleVerifier [0x00B5A78F+2800735]
GetHandleVerifier [0x00B5456C+2775612]
GetHandleVerifier [0x009451E0+616112]
(No symbol) [0x00855F8C]
(No symbol) [0x00852328]
(No symbol) [0x0085240B]
(No symbol) [0x00844FF7]
BaseThreadInitThunk [0x770100C9+25]
RtlGetAppContainerNamedObjectPath [0x77167B4E+286]
RtlGetAppContainerNamedObjectPath [0x77167B1E+238]

at org.openqa.selenium.remote.W3CHandshakeResponse.lambda$errorHandler$0(W3CHandshakeResponse.java:62)
at org.openqa.selenium.remote.HandshakeResponse.lambda$getResponseFunction$0(HandshakeResponse.java:30)
at org.openqa.selenium.remote.ProtocolHandshake.lambda$createSession$0(ProtocolHandshake.java:126)
at java.util.stream.ReferencePipeline$3$1.accept(ReferencePipeline.java:193)
at java.util.Spliterators$ArraySpliterator.tryAdvance(Spliterators.java:958)
at java.util.stream.ReferencePipeline.forEachWithCancel(ReferencePipeline.java:126)
at java.util.stream.AbstractPipeline.copyIntoWithCancel(AbstractPipeline.java:499)
at java.util.stream.AbstractPipeline.copyInto(AbstractPipeline.java:486)
at java.util.stream.AbstractPipeline.wrapAndCopyInto(AbstractPipeline.java:472)
at java.util.stream.FindOps$FindOp.evaluateSequential(FindOps.java:152)
at java.util.stream.AbstractPipeline.evaluate(AbstractPipeline.java:234)
at java.util.stream.ReferencePipeline.findFirst(ReferencePipeline.java:464)
at org.openqa.selenium.remote.ProtocolHandshake.createSession(ProtocolHandshake.java:128)
at org.openqa.selenium.remote.ProtocolHandshake.createSession(ProtocolHandshake.java:74)
at org.openqa.selenium.remote.HttpCommandExecutor.execute(HttpCommandExecutor.java:136)
at org.openqa.selenium.remote.service.DriverCommandExecutor.execute(DriverCommandExecutor.java:83)
at org.openqa.selenium.remote.RemoteWebDriver.execute(RemoteWebDriver.java:552)
at org.openqa.selenium.remote.RemoteWebDriver.startSession(RemoteWebDriver.java:213)
at org.openqa.selenium.remote.RemoteWebDriver.<init>(RemoteWebDriver.java:131)
at org.openqa.selenium.chrome.ChromeDriver.<init>(ChromeDriver.java:181)
at org.openqa.selenium.chrome.ChromeDriver.<init>(ChromeDriver.java:168)
at org.openqa.selenium.chrome.ChromeDriver.<init>(ChromeDriver.java:123)
at stepDef.Stepdef.setup(Stepdef.java:73)
... Removed 4 stack frames]]>
    </failure>
  </testcase> <!-- runScenario -->
  <testcase name="runScenario" time="51.751" classname="io.cucumber.testng.AbstractTestNGCucumberTests"/>
</testsuite> <!-- Surefire test -->
