<?xml version="1.0" encoding="UTF-8"?>
<!-- Generated by org.testng.reporters.JUnitReportReporter -->
<testsuite skipped="0" hostname="DESKTOP-QNHJ5Q7" name="testRun.TestRunner" tests="3" failures="0" timestamp="2023-06-08T00:00:06 PDT" time="72.611" errors="2">
  <testcase name="runScenario" time="10.267" classname="testRun.TestRunner">
    <error type="org.openqa.selenium.SessionNotCreatedException" message="session not created
from no such execution context: uniqueContextId not found
  (Session info: chrome=114.0.5735.110)
Build info: version: &#039;3.141.59&#039;, revision: &#039;e82be7d358&#039;, time: &#039;2018-11-14T08:17:03&#039;
System info: host: &#039;DESKTOP-QNHJ5Q7&#039;, ip: &#039;10.0.0.1&#039;, os.name: &#039;Windows 10&#039;, os.arch: &#039;amd64&#039;, os.version: &#039;10.0&#039;, java.version: &#039;1.8.0_333&#039;
Driver info: driver.version: ChromeDriver
remote stacktrace: Backtrace:
	GetHandleVerifier [0x008BA813+48355]
	(No symbol) [0x0084C4B1]
	(No symbol) [0x00755358]
	(No symbol) [0x007489B0]
	(No symbol) [0x00747138]
	(No symbol) [0x007477AA]
	(No symbol) [0x00758417]
	(No symbol) [0x007599E1]
	(No symbol) [0x00759A80]
	(No symbol) [0x007A1F1B]
	(No symbol) [0x007A093C]
	(No symbol) [0x0079A536]
	(No symbol) [0x007782DC]
	(No symbol) [0x007793DD]
	GetHandleVerifier [0x00B1AABD+2539405]
	GetHandleVerifier [0x00B5A78F+2800735]
	GetHandleVerifier [0x00B5456C+2775612]
	GetHandleVerifier [0x009451E0+616112]
	(No symbol) [0x00855F8C]
	(No symbol) [0x00852328]
	(No symbol) [0x0085240B]
	(No symbol) [0x00844FF7]
	BaseThreadInitThunk [0x770100C9+25]
	RtlGetAppContainerNamedObjectPath [0x77167B4E+286]
	RtlGetAppContainerNamedObjectPath [0x77167B1E+238]
">
      <![CDATA[org.openqa.selenium.SessionNotCreatedException: session not created
from no such execution context: uniqueContextId not found
  (Session info: chrome=114.0.5735.110)
Build info: version: '3.141.59', revision: 'e82be7d358', time: '2018-11-14T08:17:03'
System info: host: 'DESKTOP-QNHJ5Q7', ip: '10.0.0.1', os.name: 'Windows 10', os.arch: 'amd64', os.version: '10.0', java.version: '1.8.0_333'
Driver info: driver.version: ChromeDriver
remote stacktrace: Backtrace:
GetHandleVerifier [0x008BA813+48355]
(No symbol) [0x0084C4B1]
(No symbol) [0x00755358]
(No symbol) [0x007489B0]
(No symbol) [0x00747138]
(No symbol) [0x007477AA]
(No symbol) [0x00758417]
(No symbol) [0x007599E1]
(No symbol) [0x00759A80]
(No symbol) [0x007A1F1B]
(No symbol) [0x007A093C]
(No symbol) [0x0079A536]
(No symbol) [0x007782DC]
(No symbol) [0x007793DD]
GetHandleVerifier [0x00B1AABD+2539405]
GetHandleVerifier [0x00B5A78F+2800735]
GetHandleVerifier [0x00B5456C+2775612]
GetHandleVerifier [0x009451E0+616112]
(No symbol) [0x00855F8C]
(No symbol) [0x00852328]
(No symbol) [0x0085240B]
(No symbol) [0x00844FF7]
BaseThreadInitThunk [0x770100C9+25]
RtlGetAppContainerNamedObjectPath [0x77167B4E+286]
RtlGetAppContainerNamedObjectPath [0x77167B1E+238]

at sun.reflect.NativeConstructorAccessorImpl.newInstance0(Native Method)
at sun.reflect.NativeConstructorAccessorImpl.newInstance(NativeConstructorAccessorImpl.java:62)
at sun.reflect.DelegatingConstructorAccessorImpl.newInstance(DelegatingConstructorAccessorImpl.java:45)
at java.lang.reflect.Constructor.newInstance(Constructor.java:423)
at org.openqa.selenium.remote.W3CHandshakeResponse.lambda$errorHandler$0(W3CHandshakeResponse.java:62)
at org.openqa.selenium.remote.HandshakeResponse.lambda$getResponseFunction$0(HandshakeResponse.java:30)
at org.openqa.selenium.remote.ProtocolHandshake.lambda$createSession$0(ProtocolHandshake.java:126)
at java.util.stream.ReferencePipeline$3$1.accept(ReferencePipeline.java:193)
at java.util.Spliterators$ArraySpliterator.tryAdvance(Spliterators.java:958)
at java.util.stream.ReferencePipeline.forEachWithCancel(ReferencePipeline.java:126)
at java.util.stream.AbstractPipeline.copyIntoWithCancel(AbstractPipeline.java:499)
at java.util.stream.AbstractPipeline.copyInto(AbstractPipeline.java:486)
at java.util.stream.AbstractPipeline.wrapAndCopyInto(AbstractPipeline.java:472)
at java.util.stream.FindOps$FindOp.evaluateSequential(FindOps.java:152)
at java.util.stream.AbstractPipeline.evaluate(AbstractPipeline.java:234)
at java.util.stream.ReferencePipeline.findFirst(ReferencePipeline.java:464)
at org.openqa.selenium.remote.ProtocolHandshake.createSession(ProtocolHandshake.java:128)
at org.openqa.selenium.remote.ProtocolHandshake.createSession(ProtocolHandshake.java:74)
at org.openqa.selenium.remote.HttpCommandExecutor.execute(HttpCommandExecutor.java:136)
at org.openqa.selenium.remote.service.DriverCommandExecutor.execute(DriverCommandExecutor.java:83)
at org.openqa.selenium.remote.RemoteWebDriver.execute(RemoteWebDriver.java:552)
at org.openqa.selenium.remote.RemoteWebDriver.startSession(RemoteWebDriver.java:213)
at org.openqa.selenium.remote.RemoteWebDriver.<init>(RemoteWebDriver.java:131)
at org.openqa.selenium.chrome.ChromeDriver.<init>(ChromeDriver.java:181)
at org.openqa.selenium.chrome.ChromeDriver.<init>(ChromeDriver.java:168)
at org.openqa.selenium.chrome.ChromeDriver.<init>(ChromeDriver.java:123)
at stepDef.Stepdef.setup(Stepdef.java:73)
]]>
    </error>
  </testcase> <!-- runScenario -->
  <system-out/>
  <testcase name="runScenario" time="51.751" classname="testRun.TestRunner"/>
  <system-out/>
  <testcase name="runScenario" time="10.593" classname="testRun.TestRunner">
    <error type="org.openqa.selenium.SessionNotCreatedException" message="session not created
from no such execution context: loader has changed while resolving nodes
  (Session info: chrome=114.0.5735.110)
Build info: version: &#039;3.141.59&#039;, revision: &#039;e82be7d358&#039;, time: &#039;2018-11-14T08:17:03&#039;
System info: host: &#039;DESKTOP-QNHJ5Q7&#039;, ip: &#039;10.0.0.1&#039;, os.name: &#039;Windows 10&#039;, os.arch: &#039;amd64&#039;, os.version: &#039;10.0&#039;, java.version: &#039;1.8.0_333&#039;
Driver info: driver.version: ChromeDriver
remote stacktrace: Backtrace:
	GetHandleVerifier [0x008BA813+48355]
	(No symbol) [0x0084C4B1]
	(No symbol) [0x00755358]
	(No symbol) [0x00757D86]
	(No symbol) [0x007599E1]
	(No symbol) [0x00759A80]
	(No symbol) [0x007A1F1B]
	(No symbol) [0x007A093C]
	(No symbol) [0x0079A536]
	(No symbol) [0x007782DC]
	(No symbol) [0x007793DD]
	GetHandleVerifier [0x00B1AABD+2539405]
	GetHandleVerifier [0x00B5A78F+2800735]
	GetHandleVerifier [0x00B5456C+2775612]
	GetHandleVerifier [0x009451E0+616112]
	(No symbol) [0x00855F8C]
	(No symbol) [0x00852328]
	(No symbol) [0x0085240B]
	(No symbol) [0x00844FF7]
	BaseThreadInitThunk [0x770100C9+25]
	RtlGetAppContainerNamedObjectPath [0x77167B4E+286]
	RtlGetAppContainerNamedObjectPath [0x77167B1E+238]
">
      <![CDATA[org.openqa.selenium.SessionNotCreatedException: session not created
from no such execution context: loader has changed while resolving nodes
  (Session info: chrome=114.0.5735.110)
Build info: version: '3.141.59', revision: 'e82be7d358', time: '2018-11-14T08:17:03'
System info: host: 'DESKTOP-QNHJ5Q7', ip: '10.0.0.1', os.name: 'Windows 10', os.arch: 'amd64', os.version: '10.0', java.version: '1.8.0_333'
Driver info: driver.version: ChromeDriver
remote stacktrace: Backtrace:
GetHandleVerifier [0x008BA813+48355]
(No symbol) [0x0084C4B1]
(No symbol) [0x00755358]
(No symbol) [0x00757D86]
(No symbol) [0x007599E1]
(No symbol) [0x00759A80]
(No symbol) [0x007A1F1B]
(No symbol) [0x007A093C]
(No symbol) [0x0079A536]
(No symbol) [0x007782DC]
(No symbol) [0x007793DD]
GetHandleVerifier [0x00B1AABD+2539405]
GetHandleVerifier [0x00B5A78F+2800735]
GetHandleVerifier [0x00B5456C+2775612]
GetHandleVerifier [0x009451E0+616112]
(No symbol) [0x00855F8C]
(No symbol) [0x00852328]
(No symbol) [0x0085240B]
(No symbol) [0x00844FF7]
BaseThreadInitThunk [0x770100C9+25]
RtlGetAppContainerNamedObjectPath [0x77167B4E+286]
RtlGetAppContainerNamedObjectPath [0x77167B1E+238]

at sun.reflect.NativeConstructorAccessorImpl.newInstance0(Native Method)
at sun.reflect.NativeConstructorAccessorImpl.newInstance(NativeConstructorAccessorImpl.java:62)
at sun.reflect.DelegatingConstructorAccessorImpl.newInstance(DelegatingConstructorAccessorImpl.java:45)
at java.lang.reflect.Constructor.newInstance(Constructor.java:423)
at org.openqa.selenium.remote.W3CHandshakeResponse.lambda$errorHandler$0(W3CHandshakeResponse.java:62)
at org.openqa.selenium.remote.HandshakeResponse.lambda$getResponseFunction$0(HandshakeResponse.java:30)
at org.openqa.selenium.remote.ProtocolHandshake.lambda$createSession$0(ProtocolHandshake.java:126)
at java.util.stream.ReferencePipeline$3$1.accept(ReferencePipeline.java:193)
at java.util.Spliterators$ArraySpliterator.tryAdvance(Spliterators.java:958)
at java.util.stream.ReferencePipeline.forEachWithCancel(ReferencePipeline.java:126)
at java.util.stream.AbstractPipeline.copyIntoWithCancel(AbstractPipeline.java:499)
at java.util.stream.AbstractPipeline.copyInto(AbstractPipeline.java:486)
at java.util.stream.AbstractPipeline.wrapAndCopyInto(AbstractPipeline.java:472)
at java.util.stream.FindOps$FindOp.evaluateSequential(FindOps.java:152)
at java.util.stream.AbstractPipeline.evaluate(AbstractPipeline.java:234)
at java.util.stream.ReferencePipeline.findFirst(ReferencePipeline.java:464)
at org.openqa.selenium.remote.ProtocolHandshake.createSession(ProtocolHandshake.java:128)
at org.openqa.selenium.remote.ProtocolHandshake.createSession(ProtocolHandshake.java:74)
at org.openqa.selenium.remote.HttpCommandExecutor.execute(HttpCommandExecutor.java:136)
at org.openqa.selenium.remote.service.DriverCommandExecutor.execute(DriverCommandExecutor.java:83)
at org.openqa.selenium.remote.RemoteWebDriver.execute(RemoteWebDriver.java:552)
at org.openqa.selenium.remote.RemoteWebDriver.startSession(RemoteWebDriver.java:213)
at org.openqa.selenium.remote.RemoteWebDriver.<init>(RemoteWebDriver.java:131)
at org.openqa.selenium.chrome.ChromeDriver.<init>(ChromeDriver.java:181)
at org.openqa.selenium.chrome.ChromeDriver.<init>(ChromeDriver.java:168)
at org.openqa.selenium.chrome.ChromeDriver.<init>(ChromeDriver.java:123)
at stepDef.Stepdef.setup(Stepdef.java:73)
]]>
    </error>
  </testcase> <!-- runScenario -->
  <system-out/>
</testsuite> <!-- testRun.TestRunner -->
